Mon Jul 20 03:00:29 AM BST 2026 **** Market monitor started **** 

--2026-07-20 03:00:29--  https://www.alphavantage.co/query?function=TIME_SERIES_DAILY&outputsize=compact&datatype=csv&symbol=IBM&apikey=0OMWAQ5CE7E4R5AR
Resolving www.alphavantage.co (www.alphavantage.co)... 172.66.170.11, 104.20.25.228, 2606:4700:10::ac42:aa0b, ...
Connecting to www.alphavantage.co (www.alphavantage.co)|172.66.170.11|:443... connected.
HTTP request sent, awaiting response... 200 OK
Length: 258 [application/json]
Saving to: ‘data/raw/alphavprices_2026-07-20.csv’

     0K                                                       100% 9.85M=0s

2026-07-20 03:00:29 (9.85 MB/s) - ‘data/raw/alphavprices_2026-07-20.csv’ saved [258/258]

Mon Jul 20 03:00:29 AM BST 2026 **** Using primary API key **** 
Mon Jul 20 03:00:29 AM BST 2026 **** Data downloaded successfully **** 
Traceback (most recent call last):
  File "/usr/lib/python3/dist-packages/pandas/core/indexes/base.py", line 3812, in get_loc
    return self._engine.get_loc(casted_key)
           ~~~~~~~~~~~~~~~~~~~~^^^^^^^^^^^^
  File "pandas/_libs/index.pyx", line 167, in pandas._libs.index.IndexEngine.get_loc
  File "pandas/_libs/index.pyx", line 196, in pandas._libs.index.IndexEngine.get_loc
  File "pandas/_libs/hashtable_class_helper.pxi", line 7088, in pandas._libs.hashtable.PyObjectHashTable.get_item
  File "pandas/_libs/hashtable_class_helper.pxi", line 7096, in pandas._libs.hashtable.PyObjectHashTable.get_item
KeyError: 'close'

The above exception was the direct cause of the following exception:

Traceback (most recent call last):
  File "/home/sandbox2/Documents/marketdata-bash/analyse.py", line 10, in <module>
    l = df['close'].to_list()
        ~~^^^^^^^^^
  File "/usr/lib/python3/dist-packages/pandas/core/frame.py", line 4113, in __getitem__
    indexer = self.columns.get_loc(key)
  File "/usr/lib/python3/dist-packages/pandas/core/indexes/base.py", line 3819, in get_loc
    raise KeyError(key) from err
KeyError: 'close'
Mon Jul 20 03:00:30 AM BST 2026 **** Analysis complete **** 

############################################################

Mon Jul 20 03:02:11 AM BST 2026 **** Market monitor started **** 

--2026-07-20 03:02:11--  https://www.alphavantage.co/query?function=TIME_SERIES_DAILY&outputsize=compact&datatype=csv&symbol=IBM&apikey=0OMWAQ5CE7E4R5AR
Resolving www.alphavantage.co (www.alphavantage.co)... 104.20.25.228, 172.66.170.11, 2606:4700:10::ac42:aa0b, ...
Connecting to www.alphavantage.co (www.alphavantage.co)|104.20.25.228|:443... connected.
HTTP request sent, awaiting response... 200 OK
Length: 258 [application/json]
Saving to: ‘data/raw/alphavprices_2026-07-20.csv’

     0K                                                       100% 4.95M=0s

2026-07-20 03:02:12 (4.95 MB/s) - ‘data/raw/alphavprices_2026-07-20.csv’ saved [258/258]

Mon Jul 20 03:02:12 AM BST 2026 **** Using primary API key **** 
Mon Jul 20 03:02:12 AM BST 2026 **** Data downloaded successfully **** 
Traceback (most recent call last):
  File "/usr/lib/python3/dist-packages/pandas/core/indexes/base.py", line 3812, in get_loc
    return self._engine.get_loc(casted_key)
           ~~~~~~~~~~~~~~~~~~~~^^^^^^^^^^^^
  File "pandas/_libs/index.pyx", line 167, in pandas._libs.index.IndexEngine.get_loc
  File "pandas/_libs/index.pyx", line 196, in pandas._libs.index.IndexEngine.get_loc
  File "pandas/_libs/hashtable_class_helper.pxi", line 7088, in pandas._libs.hashtable.PyObjectHashTable.get_item
  File "pandas/_libs/hashtable_class_helper.pxi", line 7096, in pandas._libs.hashtable.PyObjectHashTable.get_item
KeyError: 'close'

The above exception was the direct cause of the following exception:

Traceback (most recent call last):
  File "/home/sandbox2/Documents/marketdata-bash/analyse.py", line 12, in <module>
    l = df['close'].to_list()
        ~~^^^^^^^^^
  File "/usr/lib/python3/dist-packages/pandas/core/frame.py", line 4113, in __getitem__
    indexer = self.columns.get_loc(key)
  File "/usr/lib/python3/dist-packages/pandas/core/indexes/base.py", line 3819, in get_loc
    raise KeyError(key) from err
KeyError: 'close'
Mon Jul 20 03:02:13 AM BST 2026 **** Analysis complete **** 

############################################################

Mon Jul 20 03:02:41 AM BST 2026 **** Market monitor started **** 

--2026-07-20 03:02:41--  https://www.alphavantage.co/query?function=TIME_SERIES_DAILY&outputsize=compact&datatype=csv&symbol=IBM&apikey=0OMWAQ5CE7E4R5AR
Resolving www.alphavantage.co (www.alphavantage.co)... 172.66.170.11, 104.20.25.228, 2606:4700:10::ac42:aa0b, ...
Connecting to www.alphavantage.co (www.alphavantage.co)|172.66.170.11|:443... connected.
HTTP request sent, awaiting response... 200 OK
Length: 258 [application/json]
Saving to: ‘data/raw/alphavprices_2026-07-20.csv’

     0K                                                       100% 1.71M=0s

2026-07-20 03:02:41 (1.71 MB/s) - ‘data/raw/alphavprices_2026-07-20.csv’ saved [258/258]

Mon Jul 20 03:02:41 AM BST 2026 **** Using primary API key **** 
Mon Jul 20 03:02:41 AM BST 2026 **** Data downloaded successfully **** 
opening ./data/raw/alphavprices_2026-07-20.csv
Traceback (most recent call last):
  File "/usr/lib/python3/dist-packages/pandas/core/indexes/base.py", line 3812, in get_loc
    return self._engine.get_loc(casted_key)
           ~~~~~~~~~~~~~~~~~~~~^^^^^^^^^^^^
  File "pandas/_libs/index.pyx", line 167, in pandas._libs.index.IndexEngine.get_loc
  File "pandas/_libs/index.pyx", line 196, in pandas._libs.index.IndexEngine.get_loc
  File "pandas/_libs/hashtable_class_helper.pxi", line 7088, in pandas._libs.hashtable.PyObjectHashTable.get_item
  File "pandas/_libs/hashtable_class_helper.pxi", line 7096, in pandas._libs.hashtable.PyObjectHashTable.get_item
KeyError: 'close'

The above exception was the direct cause of the following exception:

Traceback (most recent call last):
  File "/home/sandbox2/Documents/marketdata-bash/analyse.py", line 12, in <module>
    l = df['close'].to_list()
        ~~^^^^^^^^^
  File "/usr/lib/python3/dist-packages/pandas/core/frame.py", line 4113, in __getitem__
    indexer = self.columns.get_loc(key)
  File "/usr/lib/python3/dist-packages/pandas/core/indexes/base.py", line 3819, in get_loc
    raise KeyError(key) from err
KeyError: 'close'
Mon Jul 20 03:02:42 AM BST 2026 **** Analysis complete **** 

############################################################

Mon Jul 20 03:13:26 AM BST 2026 **** Market monitor started **** 

--2026-07-20 03:13:26--  https://www.alphavantage.co/query?function=TIME_SERIES_DAILY&outputsize=compact&datatype=csv&symbol=IBM&apikey=6OYREUE6BYQ4XBCK
Resolving www.alphavantage.co (www.alphavantage.co)... 104.20.25.228, 172.66.170.11, 2606:4700:10::ac42:aa0b, ...
Connecting to www.alphavantage.co (www.alphavantage.co)|104.20.25.228|:443... connected.
HTTP request sent, awaiting response... 200 OK
Length: 258 [application/json]
Saving to: ‘data/raw/alphavprices_2026-07-20.csv’

     0K                                                       100% 5.31M=0s

2026-07-20 03:13:26 (5.31 MB/s) - ‘data/raw/alphavprices_2026-07-20.csv’ saved [258/258]

Mon Jul 20 03:13:26 AM BST 2026 **** Using primary API key **** 
Mon Jul 20 03:13:26 AM BST 2026 **** Data downloaded successfully **** 
                                                   {
0      "Information": "We have detected your API ...
1                                                  }
Traceback (most recent call last):
  File "/usr/lib/python3/dist-packages/pandas/core/indexes/base.py", line 3812, in get_loc
    return self._engine.get_loc(casted_key)
           ~~~~~~~~~~~~~~~~~~~~^^^^^^^^^^^^
  File "pandas/_libs/index.pyx", line 167, in pandas._libs.index.IndexEngine.get_loc
  File "pandas/_libs/index.pyx", line 196, in pandas._libs.index.IndexEngine.get_loc
  File "pandas/_libs/hashtable_class_helper.pxi", line 7088, in pandas._libs.hashtable.PyObjectHashTable.get_item
  File "pandas/_libs/hashtable_class_helper.pxi", line 7096, in pandas._libs.hashtable.PyObjectHashTable.get_item
KeyError: 'close'

The above exception was the direct cause of the following exception:

Traceback (most recent call last):
  File "/home/sandbox2/Documents/marketdata-bash/analyse.py", line 11, in <module>
    l = df['close'].to_list()
        ~~^^^^^^^^^
  File "/usr/lib/python3/dist-packages/pandas/core/frame.py", line 4113, in __getitem__
    indexer = self.columns.get_loc(key)
  File "/usr/lib/python3/dist-packages/pandas/core/indexes/base.py", line 3819, in get_loc
    raise KeyError(key) from err
KeyError: 'close'
Mon Jul 20 03:13:27 AM BST 2026 **** Analysis complete **** 

############################################################

